[debug] [2022-02-21T15:59:22.827Z] ----------------------------------------------------------------------
[debug] [2022-02-21T15:59:22.828Z] Command:       /usr/local/bin/firebase /Users/sunniva/.cache/firebase/tools/lib/node_modules/firebase-tools/lib/bin/firebase init
[debug] [2022-02-21T15:59:22.828Z] CLI Version:   10.2.0
[debug] [2022-02-21T15:59:22.828Z] Platform:      darwin
[debug] [2022-02-21T15:59:22.829Z] Node Version:  v12.18.1
[debug] [2022-02-21T15:59:22.830Z] Time:          Mon Feb 21 2022 10:59:22 GMT-0500 (Eastern Standard Time)
[debug] [2022-02-21T15:59:22.830Z] ----------------------------------------------------------------------
[debug] 
[debug] [2022-02-21T15:59:22.881Z] > command requires scopes: ["email","openid","https://www.googleapis.com/auth/cloudplatformprojects.readonly","https://www.googleapis.com/auth/firebase","https://www.googleapis.com/auth/cloud-platform"]
[debug] [2022-02-21T15:59:22.881Z] > authorizing via signed-in user (liusunniva@gmail.com)
[info] 
     ######## #### ########  ######## ########     ###     ######  ########
     ##        ##  ##     ## ##       ##     ##  ##   ##  ##       ##
     ######    ##  ########  ######   ########  #########  ######  ######
     ##        ##  ##    ##  ##       ##     ## ##     ##       ## ##
     ##       #### ##     ## ######## ########  ##     ##  ######  ########

You're about to initialize a Firebase project in this directory:

  /Users/sunniva

Before we get started, keep in mind:

  * You are initializing within an existing Firebase project directory

[debug] [2022-02-21T16:09:55.843Z] TypeError: Cannot read property 'setRawMode' of null
    at ReadStream.setRawMode (tty.js:75:28)
    at Interface._setRawMode (readline.js:290:16)
    at Interface.close (readline.js:413:10)
    at ReadStream.ontermend (readline.js:201:10)
    at ReadStream.emit (events.js:327:22)
    at ReadStream.EventEmitter.emit (domain.js:482:12)
    at endReadableNT (_stream_readable.js:1221:12)
    at processTicksAndRejections (internal/process/task_queues.js:84:21)
